<?xml version="1.0" encoding="UTF-8"?>
<!-- Generated by org.testng.reporters.JUnitReportReporter -->
<testsuite hostname="steve-ThinkPad-E490" failures="0" tests="1" name="testexecution.AboutYouTest" time="2.827" errors="0" timestamp="27 Sep 2019 21:20:19 GMT" skipped="0">
  <testcase classname="testexecution.AboutYouTest" name="createPage" time="2.827"/>
</testsuite> <!-- testexecution.AboutYouTest -->
